<?xml version="1.0" encoding="UTF-8"?>
<testng-results ignored="0" total="1" passed="1" failed="0" skipped="0">
  <reporter-output>
  </reporter-output>
  <suite started-at="2021-02-02T16:46:26Z" name="TestAboutUs" finished-at="2021-02-02T16:46:29Z" duration-ms="3052">
    <groups>
    </groups>
    <test started-at="2021-02-02T16:46:26Z" name="testngTest" finished-at="2021-02-02T16:46:29Z" duration-ms="3052">
      <class name="wesite.wesite.AboutUs">
        <test-method signature="testContext()[pri:0, instance:wesite.wesite.AboutUs@525f1e4e]" started-at="2021-02-02T16:46:26Z" name="testContext" finished-at="2021-02-02T16:46:29Z" duration-ms="3019" status="PASS">
          <reporter-output>
          </reporter-output>
        </test-method> <!-- testContext -->
      </class> <!-- wesite.wesite.AboutUs -->
    </test> <!-- testngTest -->
  </suite> <!-- TestAboutUs -->
</testng-results>
